#
# There is insufficient memory for the Java Runtime Environment to continue.
# Native memory allocation (malloc) failed to allocate 262160 bytes for Chunk::new
# Possible reasons:
#   The system is out of physical RAM or swap space
#   In 32 bit mode, the process size limit was hit
# Possible solutions:
#   Reduce memory load on the system
#   Increase physical memory or swap space
#   Check if swap backing store is full
#   Use 64 bit Java on a 64 bit OS
#   Decrease Java heap size (-Xmx/-Xms)
#   Decrease number of Java threads
#   Decrease Java thread stack sizes (-Xss)
#   Set larger code cache with -XX:ReservedCodeCacheSize=
# This output file may be truncated or incomplete.
#
#  Out of Memory Error (allocation.cpp:390), pid=8244, tid=0x00000000000015ac
#
# JRE version: Java(TM) SE Runtime Environment (8.0_161-b12) (build 1.8.0_161-b12)
# Java VM: Java HotSpot(TM) 64-Bit Server VM (25.161-b12 mixed mode windows-amd64 compressed oops)
# Failed to write core dump. Minidumps are not enabled by default on client versions of Windows
#

---------------  T H R E A D  ---------------

Current thread (0x0000000018f3e800):  JavaThread "C2 CompilerThread1" daemon [_thread_in_native, id=5548, stack(0x000000001a790000,0x000000001a890000)]

Stack: [0x000000001a790000,0x000000001a890000]
[error occurred during error reporting (printing stack bounds), id 0xc0000005]

Native frames: (J=compiled Java code, j=interpreted, Vv=VM code, C=native code)


Current CompileTask:
C2:   3651 1376       4       java.net.URLClassLoader$1::run (5 bytes)


---------------  P R O C E S S  ---------------

Java Threads: ( => current thread )
  0x000000001bdaf800 JavaThread "Stdin handler" [_thread_blocked, id=5592, stack(0x000000001e7c0000,0x000000001e8c0000)]
  0x000000001bdb8000 JavaThread "Asynchronous log dispatcher for DefaultDaemonConnection: socket connection from /127.0.0.1:50996 to /127.0.0.1:50997" [_thread_blocked, id=5028, stack(0x000000001e6c0000,0x000000001e7c0000)]
  0x000000001c3f3000 JavaThread "Daemon worker" [_thread_in_Java, id=6312, stack(0x000000001e5c0000,0x000000001e6c0000)]
  0x000000001c258800 JavaThread "Cancel handler" [_thread_blocked, id=6324, stack(0x000000001e4c0000,0x000000001e5c0000)]
  0x000000001bba3000 JavaThread "Handler for socket connection from /127.0.0.1:50996 to /127.0.0.1:50997" [_thread_in_native, id=10656, stack(0x000000001e3c0000,0x000000001e4c0000)]
  0x000000001c129000 JavaThread "Daemon" [_thread_blocked, id=7760, stack(0x000000001e2c0000,0x000000001e3c0000)]
  0x000000001bdcb800 JavaThread "Incoming local TCP Connector on port 50996" [_thread_in_native, id=12900, stack(0x000000001de70000,0x000000001df70000)]
  0x000000001c273800 JavaThread "pool-1-thread-1" [_thread_blocked, id=8016, stack(0x000000001db70000,0x000000001dc70000)]
  0x000000001a9cb000 JavaThread "Service Thread" daemon [_thread_blocked, id=8044, stack(0x000000001ad90000,0x000000001ae90000)]
  0x0000000018f41800 JavaThread "C1 CompilerThread2" daemon [_thread_in_vm, id=7180, stack(0x000000001a890000,0x000000001a990000)]
=>0x0000000018f3e800 JavaThread "C2 CompilerThread1" daemon [_thread_in_native, id=5548, stack(0x000000001a790000,0x000000001a890000)]
  0x0000000018f3c800 JavaThread "C2 CompilerThread0" daemon [_thread_in_native, id=9360, stack(0x000000001a690000,0x000000001a790000)]
  0x0000000018f3a000 JavaThread "Attach Listener" daemon [_thread_blocked, id=8664, stack(0x000000001a590000,0x000000001a690000)]
  0x0000000018f39000 JavaThread "Signal Dispatcher" daemon [_thread_blocked, id=7908, stack(0x000000001a490000,0x000000001a590000)]
  0x0000000018f1a800 JavaThread "Finalizer" daemon [_thread_blocked, id=5584, stack(0x000000001a190000,0x000000001a290000)]
  0x0000000004307800 JavaThread "Reference Handler" daemon [_thread_blocked, id=9548, stack(0x000000001a090000,0x000000001a190000)]
  0x0000000004215800 JavaThread "main" [_thread_blocked, id=6280, stack(0x0000000004080000,0x0000000004180000)]

Other Threads:
  0x0000000018ef8000 VMThread [stack: 0x0000000019f90000,0x000000001a090000] [id=11504]
  0x000000001a9d0000 WatcherThread [stack: 0x000000001ae90000,0x000000001af90000] [id=12592]

VM state:not at safepoint (normal execution)

VM Mutex/Monitor currently owned by a thread: None

Heap:
 PSYoungGen      total 38400K, used 6539K [0x00000000d5580000, 0x00000000d8000000, 0x0000000100000000)
  eden space 33280K, 4% used [0x00000000d5580000,0x00000000d56e6c08,0x00000000d7600000)
  from space 5120K, 99% used [0x00000000d7600000,0x00000000d7afc030,0x00000000d7b00000)
  to   space 5120K, 0% used [0x00000000d7b00000,0x00000000d7b00000,0x00000000d8000000)
 ParOldGen       total 87552K, used 4271K [0x0000000080000000, 0x0000000085580000, 0x00000000d5580000)
  object space 87552K, 4% used [0x0000000080000000,0x000000008042be40,0x0000000085580000)
 Metaspace       used 17000K, capacity 17354K, committed 17408K, reserved 1064960K
  class space    used 2406K, capacity 2541K, committed 2560K, reserved 1048576K

Card table byte_map: [0x00000000136d0000,0x0000000013ae0000] byte_map_base: 0x00000000132d0000

Marking Bits: (ParMarkBitMap*) 0x00000000556af860
 Begin Bits: [0x0000000014190000, 0x0000000016190000)
 End Bits:   [0x0000000016190000, 0x0000000018190000)

Polling page: 0x00000000024e0000

CodeCache: size=245760Kb used=5127Kb max_used=5127Kb free=240632Kb
 bounds [0x0000000004310000, 0x0000000004820000, 0x0000000013310000]
 total_blobs=1878 nmethods=1485 adapters=305
 compilation: enabled

Compilation events (10 events):
Event: 3.639 Thread 0x0000000018f41800 1474       3       java.lang.Class$MethodArray::addIfNotPresent (47 bytes)
Event: 3.640 Thread 0x0000000018f41800 nmethod 1474 0x000000000480da90 code [0x000000000480dc20, 0x000000000480e018]
Event: 3.640 Thread 0x0000000018f41800 1475       3       java.lang.reflect.Modifier::isAbstract (14 bytes)
Event: 3.640 Thread 0x0000000018f41800 nmethod 1475 0x000000000480e1d0 code [0x000000000480e320, 0x000000000480e4b0]
Event: 3.640 Thread 0x0000000018f41800 1476       3       org.codehaus.groovy.util.LazyReference::get (44 bytes)
Event: 3.640 Thread 0x0000000018f41800 nmethod 1476 0x000000000480e510 code [0x000000000480e6c0, 0x000000000480eb28]
Event: 3.640 Thread 0x0000000018f41800 1477       3       java.lang.ReflectiveOperationException::<init> (6 bytes)
Event: 3.641 Thread 0x0000000018f41800 nmethod 1477 0x000000000480ec90 code [0x000000000480ee00, 0x000000000480efe8]
Event: 3.641 Thread 0x0000000018f41800 1478       3       java.util.LinkedList$ListItr::remove (84 bytes)
Event: 3.641 Thread 0x0000000018f41800 nmethod 1478 0x000000000480f0d0 code [0x000000000480f280, 0x000000000480f7a8]

GC Heap History (6 events):
Event: 1.171 GC heap before
{Heap before GC invocations=1 (full 0):
 PSYoungGen      total 38400K, used 33280K [0x00000000d5580000, 0x00000000d8000000, 0x0000000100000000)
  eden space 33280K, 100% used [0x00000000d5580000,0x00000000d7600000,0x00000000d7600000)
  from space 5120K, 0% used [0x00000000d7b00000,0x00000000d7b00000,0x00000000d8000000)
  to   space 5120K, 0% used [0x00000000d7600000,0x00000000d7600000,0x00000000d7b00000)
 ParOldGen       total 87552K, used 0K [0x0000000080000000, 0x0000000085580000, 0x00000000d5580000)
  object space 87552K, 0% used [0x0000000080000000,0x0000000080000000,0x0000000085580000)
 Metaspace       used 6993K, capacity 7188K, committed 7424K, reserved 1056768K
  class space    used 876K, capacity 924K, committed 1024K, reserved 1048576K
Event: 1.180 GC heap after
Heap after GC invocations=1 (full 0):
 PSYoungGen      total 38400K, used 4547K [0x00000000d5580000, 0x00000000d8000000, 0x0000000100000000)
  eden space 33280K, 0% used [0x00000000d5580000,0x00000000d5580000,0x00000000d7600000)
  from space 5120K, 88% used [0x00000000d7600000,0x00000000d7a70f10,0x00000000d7b00000)
  to   space 5120K, 0% used [0x00000000d7b00000,0x00000000d7b00000,0x00000000d8000000)
 ParOldGen       total 87552K, used 8K [0x0000000080000000, 0x0000000085580000, 0x00000000d5580000)
  object space 87552K, 0% used [0x0000000080000000,0x0000000080002000,0x0000000085580000)
 Metaspace       used 6993K, capacity 7188K, committed 7424K, reserved 1056768K
  class space    used 876K, capacity 924K, committed 1024K, reserved 1048576K
}
Event: 2.860 GC heap before
{Heap before GC invocations=2 (full 0):
 PSYoungGen      total 38400K, used 37827K [0x00000000d5580000, 0x00000000d8000000, 0x0000000100000000)
  eden space 33280K, 100% used [0x00000000d5580000,0x00000000d7600000,0x00000000d7600000)
  from space 5120K, 88% used [0x00000000d7600000,0x00000000d7a70f10,0x00000000d7b00000)
  to   space 5120K, 0% used [0x00000000d7b00000,0x00000000d7b00000,0x00000000d8000000)
 ParOldGen       total 87552K, used 8K [0x0000000080000000, 0x0000000085580000, 0x00000000d5580000)
  object space 87552K, 0% used [0x0000000080000000,0x0000000080002000,0x0000000085580000)
 Metaspace       used 13146K, capacity 13514K, committed 13696K, reserved 1060864K
  class space    used 1776K, capacity 1901K, committed 1920K, reserved 1048576K
Event: 2.871 GC heap after
Heap after GC invocations=2 (full 0):
 PSYoungGen      total 38400K, used 5118K [0x00000000d5580000, 0x00000000d8000000, 0x0000000100000000)
  eden space 33280K, 0% used [0x00000000d5580000,0x00000000d5580000,0x00000000d7600000)
  from space 5120K, 99% used [0x00000000d7b00000,0x00000000d7fff938,0x00000000d8000000)
  to   space 5120K, 0% used [0x00000000d7600000,0x00000000d7600000,0x00000000d7b00000)
 ParOldGen       total 87552K, used 936K [0x0000000080000000, 0x0000000085580000, 0x00000000d5580000)
  object space 87552K, 1% used [0x0000000080000000,0x00000000800ea388,0x0000000085580000)
 Metaspace       used 13146K, capacity 13514K, committed 13696K, reserved 1060864K
  class space    used 1776K, capacity 1901K, committed 1920K, reserved 1048576K
}
Event: 3.577 GC heap before
{Heap before GC invocations=3 (full 0):
 PSYoungGen      total 38400K, used 38398K [0x00000000d5580000, 0x00000000d8000000, 0x0000000100000000)
  eden space 33280K, 100% used [0x00000000d5580000,0x00000000d7600000,0x00000000d7600000)
  from space 5120K, 99% used [0x00000000d7b00000,0x00000000d7fff938,0x00000000d8000000)
  to   space 5120K, 0% used [0x00000000d7600000,0x00000000d7600000,0x00000000d7b00000)
 ParOldGen       total 87552K, used 936K [0x0000000080000000, 0x0000000085580000, 0x00000000d5580000)
  object space 87552K, 1% used [0x0000000080000000,0x00000000800ea388,0x0000000085580000)
 Metaspace       used 16818K, capacity 17098K, committed 17408K, reserved 1064960K
  class space    used 2368K, capacity 2477K, committed 2560K, reserved 1048576K
Event: 3.614 GC heap after
Heap after GC invocations=3 (full 0):
 PSYoungGen      total 38400K, used 5104K [0x00000000d5580000, 0x00000000d8000000, 0x0000000100000000)
  eden space 33280K, 0% used [0x00000000d5580000,0x00000000d5580000,0x00000000d7600000)
  from space 5120K, 99% used [0x00000000d7600000,0x00000000d7afc030,0x00000000d7b00000)
  to   space 5120K, 0% used [0x00000000d7b00000,0x00000000d7b00000,0x00000000d8000000)
 ParOldGen       total 87552K, used 4271K [0x0000000080000000, 0x0000000085580000, 0x00000000d5580000)
  object space 87552K, 4% used [0x0000000080000000,0x000000008042be40,0x0000000085580000)
 Metaspace       used 16818K, capacity 17098K, committed 17408K, reserved 1064960K
  class space    used 2368K, capacity 2477K, committed 2560K, reserved 1048576K
}

Deoptimization events (10 events):
Event: 2.610 Thread 0x0000000004215800 Uncommon trap: reason=unstable_if action=reinterpret pc=0x000000000462de30 method=java.util.LinkedHashMap.afterNodeInsertion(Z)V @ 1
Event: 2.794 Thread 0x000000001c3f3000 Uncommon trap: reason=unstable_if action=reinterpret pc=0x00000000046ade40 method=sun.nio.cs.SingleByte$Encoder.encodeArrayLoop(Ljava/nio/CharBuffer;Ljava/nio/ByteBuffer;)Ljava/nio/charset/CoderResult; @ 70
Event: 2.801 Thread 0x000000001c3f3000 Uncommon trap: reason=bimorphic action=maybe_recompile pc=0x00000000046b3cf4 method=java.util.HashMap.putVal(ILjava/lang/Object;Ljava/lang/Object;ZZ)Ljava/lang/Object; @ 253
Event: 2.801 Thread 0x000000001c3f3000 Uncommon trap: reason=bimorphic action=maybe_recompile pc=0x00000000046b3cf4 method=java.util.HashMap.putVal(ILjava/lang/Object;Ljava/lang/Object;ZZ)Ljava/lang/Object; @ 253
Event: 2.801 Thread 0x000000001c3f3000 Uncommon trap: reason=bimorphic action=maybe_recompile pc=0x00000000046b11dc method=java.util.HashMap.putVal(ILjava/lang/Object;Ljava/lang/Object;ZZ)Ljava/lang/Object; @ 253
Event: 3.053 Thread 0x000000001c3f3000 Uncommon trap: reason=class_check action=maybe_recompile pc=0x000000000459caa0 method=java.util.regex.Matcher.match(II)Z @ 86
Event: 3.055 Thread 0x000000001c3f3000 Uncommon trap: reason=class_check action=maybe_recompile pc=0x000000000459caa0 method=java.util.regex.Matcher.match(II)Z @ 86
Event: 3.267 Thread 0x000000001c3f3000 Uncommon trap: reason=bimorphic action=maybe_recompile pc=0x00000000046005ac method=java.util.HashMap.putVal(ILjava/lang/Object;Ljava/lang/Object;ZZ)Ljava/lang/Object; @ 91
Event: 3.374 Thread 0x000000001c3f3000 Uncommon trap: reason=unstable_if action=reinterpret pc=0x0000000004470cc8 method=java.net.URI.match(CJJ)Z @ 19
Event: 3.374 Thread 0x000000001c3f3000 Uncommon trap: reason=unstable_if action=reinterpret pc=0x00000000045c96c0 method=java.net.URI.match(CJJ)Z @ 19

Classes redefined (0 events):
No events

Internal exceptions (10 events):
Event: 2.714 Thread 0x000000001bba3000 Exception <a 'java/lang/NoSuchMethodError': <clinit>> (0x00000000d6f481f8) thrown at [C:\re\workspace\8-2-build-windows-amd64-cygwin\jdk8u161\10277\hotspot\src\share\vm\prims\jni.cpp, line 1613]
Event: 2.719 Thread 0x000000001bba3000 Exception <a 'java/lang/NoSuchMethodError': <clinit>> (0x00000000d700c828) thrown at [C:\re\workspace\8-2-build-windows-amd64-cygwin\jdk8u161\10277\hotspot\src\share\vm\prims\jni.cpp, line 1613]
Event: 2.733 Thread 0x000000001bba3000 Exception <a 'java/lang/NoSuchMethodError': <clinit>> (0x00000000d7086790) thrown at [C:\re\workspace\8-2-build-windows-amd64-cygwin\jdk8u161\10277\hotspot\src\share\vm\prims\jni.cpp, line 1613]
Event: 2.739 Thread 0x000000001bba3000 Exception <a 'java/lang/NoSuchMethodError': <clinit>> (0x00000000d70b0788) thrown at [C:\re\workspace\8-2-build-windows-amd64-cygwin\jdk8u161\10277\hotspot\src\share\vm\prims\jni.cpp, line 1613]
Event: 2.741 Thread 0x000000001bba3000 Exception <a 'java/lang/NoSuchMethodError': <clinit>> (0x00000000d70be2e0) thrown at [C:\re\workspace\8-2-build-windows-amd64-cygwin\jdk8u161\10277\hotspot\src\share\vm\prims\jni.cpp, line 1613]
Event: 2.747 Thread 0x000000001bba3000 Exception <a 'java/lang/NoSuchMethodError': <clinit>> (0x00000000d70f9908) thrown at [C:\re\workspace\8-2-build-windows-amd64-cygwin\jdk8u161\10277\hotspot\src\share\vm\prims\jni.cpp, line 1613]
Event: 2.776 Thread 0x000000001c3f3000 Exception <a 'java/lang/NoSuchMethodError': <clinit>> (0x00000000d7205ec0) thrown at [C:\re\workspace\8-2-build-windows-amd64-cygwin\jdk8u161\10277\hotspot\src\share\vm\prims\jni.cpp, line 1613]
Event: 2.780 Thread 0x000000001c3f3000 Exception <a 'java/lang/NoSuchMethodError': <clinit>> (0x00000000d720e148) thrown at [C:\re\workspace\8-2-build-windows-amd64-cygwin\jdk8u161\10277\hotspot\src\share\vm\prims\jni.cpp, line 1613]
Event: 2.841 Thread 0x000000001c3f3000 Exception <a 'java/lang/ArrayIndexOutOfBoundsException'> (0x00000000d7497f78) thrown at [C:\re\workspace\8-2-build-windows-amd64-cygwin\jdk8u161\10277\hotspot\src\share\vm\runtime\sharedRuntime.cpp, line 605]
Event: 2.858 Thread 0x000000001c3f3000 Exception <a 'java/lang/ArrayIndexOutOfBoundsException'> (0x00000000d75745d8) thrown at [C:\re\workspace\8-2-build-windows-amd64-cygwin\jdk8u161\10277\hotspot\src\share\vm\runtime\sharedRuntime.cpp, line 605]

Events (10 events):
Event: 3.640 loading class org/codehaus/groovy/reflection/stdclasses/CachedSAMClass$1
Event: 3.640 loading class org/codehaus/groovy/reflection/stdclasses/CachedSAMClass$1 done
Event: 3.641 loading class org/codehaus/groovy/reflection/CachedClass$3$1
Event: 3.641 loading class org/codehaus/groovy/reflection/CachedClass$3$1 done
Event: 3.642 loading class groovy/lang/Closure$1
Event: 3.642 loading class groovy/lang/Closure$1 done
Event: 3.642 loading class org/codehaus/groovy/runtime/memoize/MemoizeCache
Event: 3.642 loading class org/codehaus/groovy/runtime/memoize/MemoizeCache done
Event: 3.643 loading class org/codehaus/groovy/runtime/CurriedClosure
Event: 3.643 loading class org/codehaus/groovy/runtime/CurriedClosure done


Dynamic libraries:
0x00007ff6e0be0000 - 0x00007ff6e0c17000 	C:\Program Files\Java\jdk1.8.0_161\bin\java.exe
0x00007ffb774b0000 - 0x00007ffb77690000 	C:\WINDOWS\SYSTEM32\ntdll.dll
0x00007ffb76f20000 - 0x00007ffb76fce000 	C:\WINDOWS\System32\KERNEL32.DLL
0x00007ffb742e0000 - 0x00007ffb74546000 	C:\WINDOWS\System32\KERNELBASE.dll
0x00007ffb76ba0000 - 0x00007ffb76c41000 	C:\WINDOWS\System32\ADVAPI32.dll
0x00007ffb749e0000 - 0x00007ffb74a7d000 	C:\WINDOWS\System32\msvcrt.dll
0x00007ffb772a0000 - 0x00007ffb772fb000 	C:\WINDOWS\System32\sechost.dll
0x00007ffb76df0000 - 0x00007ffb76f0f000 	C:\WINDOWS\System32\RPCRT4.dll
0x00007ffb768d0000 - 0x00007ffb76a5f000 	C:\WINDOWS\System32\USER32.dll
0x00007ffb74960000 - 0x00007ffb74980000 	C:\WINDOWS\System32\win32u.dll
0x00007ffb76fd0000 - 0x00007ffb76ff8000 	C:\WINDOWS\System32\GDI32.dll
0x00007ffb745a0000 - 0x00007ffb74733000 	C:\WINDOWS\System32\gdi32full.dll
0x00007ffb74840000 - 0x00007ffb748db000 	C:\WINDOWS\System32\msvcp_win.dll
0x00007ffb74740000 - 0x00007ffb74836000 	C:\WINDOWS\System32\ucrtbase.dll
0x00007ffb62e50000 - 0x00007ffb630b9000 	C:\WINDOWS\WinSxS\amd64_microsoft.windows.common-controls_6595b64144ccf1df_6.0.16299.309_none_15cfd4c4935e6b11\COMCTL32.dll
0x00007ffb74ca0000 - 0x00007ffb74fa8000 	C:\WINDOWS\System32\combase.dll
0x00007ffb748e0000 - 0x00007ffb74952000 	C:\WINDOWS\System32\bcryptPrimitives.dll
0x00007ffb76ad0000 - 0x00007ffb76afd000 	C:\WINDOWS\System32\IMM32.DLL
0x0000000055730000 - 0x0000000055802000 	C:\Program Files\Java\jdk1.8.0_161\jre\bin\msvcr100.dll
0x0000000054e90000 - 0x000000005572f000 	C:\Program Files\Java\jdk1.8.0_161\jre\bin\server\jvm.dll
0x00007ffb75420000 - 0x00007ffb75428000 	C:\WINDOWS\System32\PSAPI.DLL
0x00007ffb659b0000 - 0x00007ffb659b9000 	C:\WINDOWS\SYSTEM32\WSOCK32.dll
0x00007ffb77410000 - 0x00007ffb7747c000 	C:\WINDOWS\System32\WS2_32.dll
0x00007ffb70590000 - 0x00007ffb705b3000 	C:\WINDOWS\SYSTEM32\WINMM.dll
0x00007ffb67f40000 - 0x00007ffb67f4a000 	C:\WINDOWS\SYSTEM32\VERSION.dll
0x00007ffb70520000 - 0x00007ffb7054a000 	C:\WINDOWS\SYSTEM32\WINMMBASE.dll
0x00007ffb74550000 - 0x00007ffb7459a000 	C:\WINDOWS\System32\cfgmgr32.dll
0x0000000054e80000 - 0x0000000054e8f000 	C:\Program Files\Java\jdk1.8.0_161\jre\bin\verify.dll
0x0000000054e50000 - 0x0000000054e79000 	C:\Program Files\Java\jdk1.8.0_161\jre\bin\java.dll
0x0000000054e30000 - 0x0000000054e46000 	C:\Program Files\Java\jdk1.8.0_161\jre\bin\zip.dll
0x00007ffb75490000 - 0x00007ffb768c6000 	C:\WINDOWS\System32\SHELL32.dll
0x00007ffb74a80000 - 0x00007ffb74b26000 	C:\WINDOWS\System32\shcore.dll
0x00007ffb738b0000 - 0x00007ffb73ff7000 	C:\WINDOWS\System32\windows.storage.dll
0x00007ffb74980000 - 0x00007ffb749d1000 	C:\WINDOWS\System32\shlwapi.dll
0x00007ffb73890000 - 0x00007ffb738a1000 	C:\WINDOWS\System32\kernel.appcore.dll
0x00007ffb73800000 - 0x00007ffb7384c000 	C:\WINDOWS\System32\powrprof.dll
0x00007ffb73870000 - 0x00007ffb7388b000 	C:\WINDOWS\System32\profapi.dll
0x0000000054e10000 - 0x0000000054e2a000 	C:\Program Files\Java\jdk1.8.0_161\jre\bin\net.dll
0x00007ffb73090000 - 0x00007ffb730f6000 	C:\WINDOWS\system32\mswsock.dll
0x0000000054df0000 - 0x0000000054e01000 	C:\Program Files\Java\jdk1.8.0_161\jre\bin\nio.dll
0x00007ffb70230000 - 0x00007ffb7024e000 	C:\Users\ricar\.gradle\native\23\windows-amd64\native-platform.dll
0x00007ffb73250000 - 0x00007ffb73267000 	C:\WINDOWS\SYSTEM32\CRYPTSP.dll
0x00007ffb72c90000 - 0x00007ffb72cc3000 	C:\WINDOWS\system32\rsaenh.dll
0x00007ffb73360000 - 0x00007ffb73385000 	C:\WINDOWS\SYSTEM32\bcrypt.dll
0x00007ffb73730000 - 0x00007ffb73759000 	C:\WINDOWS\SYSTEM32\USERENV.dll
0x00007ffb73270000 - 0x00007ffb7327b000 	C:\WINDOWS\SYSTEM32\CRYPTBASE.dll
0x00007ffb72e20000 - 0x00007ffb72e59000 	C:\WINDOWS\SYSTEM32\IPHLPAPI.DLL
0x00007ffb76f10000 - 0x00007ffb76f18000 	C:\WINDOWS\System32\NSI.dll
0x00007ffb6c970000 - 0x00007ffb6c986000 	C:\WINDOWS\SYSTEM32\dhcpcsvc6.DLL
0x00007ffb6c930000 - 0x00007ffb6c94a000 	C:\WINDOWS\SYSTEM32\dhcpcsvc.DLL
0x0000000054de0000 - 0x0000000054ded000 	C:\Program Files\Java\jdk1.8.0_161\jre\bin\management.dll

VM Arguments:
jvm_args: -Xmx2048m -Dfile.encoding=windows-1252 -Duser.country=BR -Duser.language=pt -Duser.variant 
java_command: org.gradle.launcher.daemon.bootstrap.GradleDaemon 3.3
java_class_path (initial): C:\Users\ricar\.gradle\wrapper\dists\gradle-3.3-all\55gk2rcmfc6p2dg9u9ohc3hw9\gradle-3.3\lib\gradle-launcher-3.3.jar
Launcher Type: SUN_STANDARD

Environment Variables:
JAVA_HOME=C:\Program Files\Java\jdk1.8.0_161
CLASSPATH=C:\Users\ricar\Documents\softplan\innovaCity\mobile\new\innovacity\platforms\android\\gradle\wrapper\gradle-wrapper.jar
PATH=C:\Program Files (x86)\Common Files\Intel\Shared Libraries\redist\intel64\compiler;C:\ProgramData\Oracle\Java\javapath;C:\WINDOWS\system32;C:\WINDOWS;C:\WINDOWS\System32\Wbem;C:\WINDOWS\System32\WindowsPowerShell\v1.0\;C:\Program Files\nodejs\;C:\Program Files\Git\cmd;C:\Program Files\Java\jdk1.8.0_161\bin;C:\Program Files (x86)\Android\android-sdk\tools;C:\Program Files (x86)\Android\android-sdk\platform-tools;C:\Program Files (x86)\Android\android-sdk\tools\bin;C:\Gradle\gradle-4.1\bin;C:\Program Files\MongoDB\Server\3.6\bin;C:\Program Files\PostgreSQL\9.6\bin;C:\Program Files (x86)\MySQL\MySQL Utilities 1.6\;C:\Users\ricar\scoop\shims;C:\Users\ricar\AppData\Local\Microsoft\WindowsApps;C:\Users\ricar\AppData\Roaming\npm;C:\Program Files\Heroku\bin
USERNAME=ricar
OS=Windows_NT
PROCESSOR_IDENTIFIER=Intel64 Family 6 Model 69 Stepping 1, GenuineIntel



---------------  S Y S T E M  ---------------

OS: Windows 10.0 , 64 bit Build 16299 (10.0.16299.15)

CPU:total 4 (initial active 4) (2 cores per cpu, 2 threads per core) family 6 model 69 stepping 1, cmov, cx8, fxsr, mmx, sse, sse2, sse3, ssse3, sse4.1, sse4.2, popcnt, avx, avx2, aes, clmul, erms, lzcnt, ht, tsc, tscinvbit, bmi1, bmi2

Memory: 4k page, physical 8290124k(717992k free), swap 10387276k(3448k free)

vm_info: Java HotSpot(TM) 64-Bit Server VM (25.161-b12) for windows-amd64 JRE (1.8.0_161-b12), built on Dec 19 2017 17:52:25 by "java_re" with MS VC++ 10.0 (VS2010)

time: Fri Apr 06 15:45:12 2018
elapsed time: 3 seconds (0d 0h 0m 3s)

