#
# There is insufficient memory for the Java Runtime Environment to continue.
# Native memory allocation (malloc) failed to allocate 591760 bytes for Chunk::new
# Possible reasons:
#   The system is out of physical RAM or swap space
#   In 32 bit mode, the process size limit was hit
# Possible solutions:
#   Reduce memory load on the system
#   Increase physical memory or swap space
#   Check if swap backing store is full
#   Use 64 bit Java on a 64 bit OS
#   Decrease Java heap size (-Xmx/-Xms)
#   Decrease number of Java threads
#   Decrease Java thread stack sizes (-Xss)
#   Set larger code cache with -XX:ReservedCodeCacheSize=
# This output file may be truncated or incomplete.
#
#  Out of Memory Error (allocation.cpp:390), pid=3820, tid=0x0000000000002268
#
# JRE version: Java(TM) SE Runtime Environment (8.0_161-b12) (build 1.8.0_161-b12)
# Java VM: Java HotSpot(TM) 64-Bit Server VM (25.161-b12 mixed mode windows-amd64 compressed oops)
# Failed to write core dump. Minidumps are not enabled by default on client versions of Windows
#

---------------  T H R E A D  ---------------

Current thread (0x0000000019e8e800):  JavaThread "C2 CompilerThread1" daemon [_thread_in_native, id=8808, stack(0x000000001b6e0000,0x000000001b7e0000)]

Stack: [0x000000001b6e0000,0x000000001b7e0000]
[error occurred during error reporting (printing stack bounds), id 0xc0000005]

Native frames: (J=compiled Java code, j=interpreted, Vv=VM code, C=native code)


Current CompileTask:
C2:  16309 3258       4       org.codehaus.groovy.reflection.CachedMethod::compareTo (25 bytes)


---------------  P R O C E S S  ---------------

Java Threads: ( => current thread )
  0x000000001c32d000 JavaThread "File lock request listener" [_thread_in_native, id=5224, stack(0x0000000020f40000,0x0000000021040000)]
  0x000000001d26c000 JavaThread "Stdin handler" [_thread_blocked, id=2424, stack(0x000000001f670000,0x000000001f770000)]
  0x000000001d26b800 JavaThread "Asynchronous log dispatcher for DefaultDaemonConnection: socket connection from /127.0.0.1:50711 to /127.0.0.1:50714" [_thread_blocked, id=5328, stack(0x000000001f570000,0x000000001f670000)]
  0x000000001cdf1800 JavaThread "Daemon worker" [_thread_in_vm, id=4552, stack(0x000000001f470000,0x000000001f570000)]
  0x000000001cdd1000 JavaThread "Cancel handler" [_thread_blocked, id=10360, stack(0x000000001f370000,0x000000001f470000)]
  0x000000001c76a800 JavaThread "Handler for socket connection from /127.0.0.1:50711 to /127.0.0.1:50714" [_thread_in_native, id=2472, stack(0x000000001f270000,0x000000001f370000)]
  0x000000001d105000 JavaThread "Daemon" [_thread_blocked, id=9688, stack(0x000000001f170000,0x000000001f270000)]
  0x000000001c498000 JavaThread "Incoming local TCP Connector on port 50711" [_thread_in_native, id=9768, stack(0x000000001e7a0000,0x000000001e8a0000)]
  0x000000001d2cb800 JavaThread "pool-1-thread-1" [_thread_blocked, id=284, stack(0x000000001d6b0000,0x000000001d7b0000)]
  0x000000001b809800 JavaThread "Service Thread" daemon [_thread_blocked, id=10880, stack(0x000000001bce0000,0x000000001bde0000)]
  0x0000000019ed7800 JavaThread "C1 CompilerThread2" daemon [_thread_blocked, id=2840, stack(0x000000001bbe0000,0x000000001bce0000)]
=>0x0000000019e8e800 JavaThread "C2 CompilerThread1" daemon [_thread_in_native, id=8808, stack(0x000000001b6e0000,0x000000001b7e0000)]
  0x0000000019e8c800 JavaThread "C2 CompilerThread0" daemon [_thread_in_native, id=10028, stack(0x000000001b5e0000,0x000000001b6e0000)]
  0x0000000019e8a800 JavaThread "Attach Listener" daemon [_thread_blocked, id=9340, stack(0x000000001b4e0000,0x000000001b5e0000)]
  0x0000000019e89000 JavaThread "Signal Dispatcher" daemon [_thread_blocked, id=12100, stack(0x000000001b3e0000,0x000000001b4e0000)]
  0x0000000019e6a800 JavaThread "Finalizer" daemon [_thread_blocked, id=3408, stack(0x000000001b0e0000,0x000000001b1e0000)]
  0x0000000005257800 JavaThread "Reference Handler" daemon [_thread_blocked, id=12156, stack(0x000000001afe0000,0x000000001b0e0000)]
  0x0000000005165800 JavaThread "main" [_thread_blocked, id=3468, stack(0x0000000005060000,0x0000000005160000)]

Other Threads:
  0x0000000019e48000 VMThread [stack: 0x000000001aee0000,0x000000001afe0000] [id=12700]
  0x000000001b80d800 WatcherThread [stack: 0x000000001bde0000,0x000000001bee0000] [id=6320]

VM state:not at safepoint (normal execution)

VM Mutex/Monitor currently owned by a thread: None

Heap:
 PSYoungGen      total 73216K, used 32270K [0x00000000d5580000, 0x00000000daa00000, 0x0000000100000000)
  eden space 62464K, 43% used [0x00000000d5580000,0x00000000d6fd8b50,0x00000000d9280000)
  from space 10752K, 49% used [0x00000000d9d00000,0x00000000da22b040,0x00000000da780000)
  to   space 10752K, 0% used [0x00000000d9280000,0x00000000d9280000,0x00000000d9d00000)
 ParOldGen       total 67072K, used 9007K [0x0000000080000000, 0x0000000084180000, 0x00000000d5580000)
  object space 67072K, 13% used [0x0000000080000000,0x00000000808cbe68,0x0000000084180000)
 Metaspace       used 32401K, capacity 33124K, committed 33408K, reserved 1077248K
  class space    used 4405K, capacity 4649K, committed 4736K, reserved 1048576K

Card table byte_map: [0x0000000014620000,0x0000000014a30000] byte_map_base: 0x0000000014220000

Marking Bits: (ParMarkBitMap*) 0x00000000556af860
 Begin Bits: [0x00000000150e0000, 0x00000000170e0000)
 End Bits:   [0x00000000170e0000, 0x00000000190e0000)

Polling page: 0x0000000003360000

CodeCache: size=245760Kb used=12262Kb max_used=12262Kb free=233497Kb
 bounds [0x0000000005260000, 0x0000000005e70000, 0x0000000014260000]
 total_blobs=3704 nmethods=3008 adapters=608
 compilation: enabled

Compilation events (10 events):
Event: 16.222 Thread 0x0000000019ed7800 3280       3       groovy.lang.MetaMethod::equal (38 bytes)
Event: 16.222 Thread 0x0000000019ed7800 nmethod 3280 0x0000000005e621d0 code [0x0000000005e62340, 0x0000000005e625f0]
Event: 16.222 Thread 0x0000000019ed7800 3279       3       org.codehaus.groovy.runtime.GroovyCategorySupport::getCategoryMethods (21 bytes)
Event: 16.222 Thread 0x0000000019ed7800 nmethod 3279 0x0000000005e62710 code [0x0000000005e628c0, 0x0000000005e63038]
Event: 16.285 Thread 0x0000000019ed7800 3281       3       com.google.common.collect.MapMakerInternalMap$Segment::copyEntry (81 bytes)
Event: 16.285 Thread 0x0000000019ed7800 nmethod 3281 0x0000000005e63250 code [0x0000000005e63420, 0x0000000005e63be8]
Event: 16.285 Thread 0x0000000019ed7800 3282       3       com.google.common.collect.MapMakerInternalMap$EntryFactory::copyEntry (19 bytes)
Event: 16.286 Thread 0x0000000019ed7800 nmethod 3282 0x0000000005e63e50 code [0x0000000005e63fe0, 0x0000000005e643a8]
Event: 16.293 Thread 0x0000000019ed7800 3283       3       com.google.common.collect.MapMakerInternalMap$WeakValueReference::copyFor (11 bytes)
Event: 16.293 Thread 0x0000000019ed7800 nmethod 3283 0x0000000005e644d0 code [0x0000000005e64660, 0x0000000005e64a50]

GC Heap History (10 events):
Event: 5.575 GC heap before
{Heap before GC invocations=5 (full 1):
 PSYoungGen      total 38400K, used 5120K [0x00000000d5580000, 0x00000000da080000, 0x0000000100000000)
  eden space 33280K, 0% used [0x00000000d5580000,0x00000000d5580000,0x00000000d7600000)
  from space 5120K, 100% used [0x00000000d7b00000,0x00000000d8000000,0x00000000d8000000)
  to   space 5120K, 0% used [0x00000000d7600000,0x00000000d7600000,0x00000000d7b00000)
 ParOldGen       total 87552K, used 8342K [0x0000000080000000, 0x0000000085580000, 0x00000000d5580000)
  object space 87552K, 9% used [0x0000000080000000,0x0000000080825980,0x0000000085580000)
 Metaspace       used 20850K, capacity 21168K, committed 21296K, reserved 1067008K
  class space    used 2815K, capacity 2895K, committed 2944K, reserved 1048576K
Event: 5.653 GC heap after
Heap after GC invocations=5 (full 1):
 PSYoungGen      total 38400K, used 0K [0x00000000d5580000, 0x00000000da080000, 0x0000000100000000)
  eden space 33280K, 0% used [0x00000000d5580000,0x00000000d5580000,0x00000000d7600000)
  from space 5120K, 0% used [0x00000000d7b00000,0x00000000d7b00000,0x00000000d8000000)
  to   space 5120K, 0% used [0x00000000d7600000,0x00000000d7600000,0x00000000d7b00000)
 ParOldGen       total 67072K, used 8975K [0x0000000080000000, 0x0000000084180000, 0x00000000d5580000)
  object space 67072K, 13% used [0x0000000080000000,0x00000000808c3e68,0x0000000084180000)
 Metaspace       used 20850K, capacity 21168K, committed 21296K, reserved 1067008K
  class space    used 2815K, capacity 2895K, committed 2944K, reserved 1048576K
}
Event: 7.159 GC heap before
{Heap before GC invocations=6 (full 1):
 PSYoungGen      total 38400K, used 33280K [0x00000000d5580000, 0x00000000da080000, 0x0000000100000000)
  eden space 33280K, 100% used [0x00000000d5580000,0x00000000d7600000,0x00000000d7600000)
  from space 5120K, 0% used [0x00000000d7b00000,0x00000000d7b00000,0x00000000d8000000)
  to   space 5120K, 0% used [0x00000000d7600000,0x00000000d7600000,0x00000000d7b00000)
 ParOldGen       total 67072K, used 8975K [0x0000000080000000, 0x0000000084180000, 0x00000000d5580000)
  object space 67072K, 13% used [0x0000000080000000,0x00000000808c3e68,0x0000000084180000)
 Metaspace       used 24661K, capacity 24956K, committed 25088K, reserved 1071104K
  class space    used 3416K, capacity 3537K, committed 3584K, reserved 1048576K
Event: 7.164 GC heap after
Heap after GC invocations=6 (full 1):
 PSYoungGen      total 38400K, used 4692K [0x00000000d5580000, 0x00000000d9780000, 0x0000000100000000)
  eden space 33280K, 0% used [0x00000000d5580000,0x00000000d5580000,0x00000000d7600000)
  from space 5120K, 91% used [0x00000000d7600000,0x00000000d7a951d0,0x00000000d7b00000)
  to   space 10752K, 0% used [0x00000000d8d00000,0x00000000d8d00000,0x00000000d9780000)
 ParOldGen       total 67072K, used 8983K [0x0000000080000000, 0x0000000084180000, 0x00000000d5580000)
  object space 67072K, 13% used [0x0000000080000000,0x00000000808c5e68,0x0000000084180000)
 Metaspace       used 24661K, capacity 24956K, committed 25088K, reserved 1071104K
  class space    used 3416K, capacity 3537K, committed 3584K, reserved 1048576K
}
Event: 8.624 GC heap before
{Heap before GC invocations=7 (full 1):
 PSYoungGen      total 38400K, used 37972K [0x00000000d5580000, 0x00000000d9780000, 0x0000000100000000)
  eden space 33280K, 100% used [0x00000000d5580000,0x00000000d7600000,0x00000000d7600000)
  from space 5120K, 91% used [0x00000000d7600000,0x00000000d7a951d0,0x00000000d7b00000)
  to   space 10752K, 0% used [0x00000000d8d00000,0x00000000d8d00000,0x00000000d9780000)
 ParOldGen       total 67072K, used 8983K [0x0000000080000000, 0x0000000084180000, 0x00000000d5580000)
  object space 67072K, 13% used [0x0000000080000000,0x00000000808c5e68,0x0000000084180000)
 Metaspace       used 27783K, capacity 28266K, committed 28544K, reserved 1073152K
  class space    used 3742K, capacity 3912K, committed 3968K, reserved 1048576K
Event: 8.638 GC heap after
Heap after GC invocations=7 (full 1):
 PSYoungGen      total 56832K, used 5424K [0x00000000d5580000, 0x00000000d9800000, 0x0000000100000000)
  eden space 46080K, 0% used [0x00000000d5580000,0x00000000d5580000,0x00000000d8280000)
  from space 10752K, 50% used [0x00000000d8d00000,0x00000000d924c180,0x00000000d9780000)
  to   space 10752K, 0% used [0x00000000d8280000,0x00000000d8280000,0x00000000d8d00000)
 ParOldGen       total 67072K, used 8991K [0x0000000080000000, 0x0000000084180000, 0x00000000d5580000)
  object space 67072K, 13% used [0x0000000080000000,0x00000000808c7e68,0x0000000084180000)
 Metaspace       used 27783K, capacity 28266K, committed 28544K, reserved 1073152K
  class space    used 3742K, capacity 3912K, committed 3968K, reserved 1048576K
}
Event: 13.793 GC heap before
{Heap before GC invocations=8 (full 1):
 PSYoungGen      total 56832K, used 51504K [0x00000000d5580000, 0x00000000d9800000, 0x0000000100000000)
  eden space 46080K, 100% used [0x00000000d5580000,0x00000000d8280000,0x00000000d8280000)
  from space 10752K, 50% used [0x00000000d8d00000,0x00000000d924c180,0x00000000d9780000)
  to   space 10752K, 0% used [0x00000000d8280000,0x00000000d8280000,0x00000000d8d00000)
 ParOldGen       total 67072K, used 8991K [0x0000000080000000, 0x0000000084180000, 0x00000000d5580000)
  object space 67072K, 13% used [0x0000000080000000,0x00000000808c7e68,0x0000000084180000)
 Metaspace       used 30560K, capacity 31132K, committed 31360K, reserved 1077248K
  class space    used 4191K, capacity 4401K, committed 4480K, reserved 1048576K
Event: 13.812 GC heap after
Heap after GC invocations=8 (full 1):
 PSYoungGen      total 56832K, used 7852K [0x00000000d5580000, 0x00000000da780000, 0x0000000100000000)
  eden space 46080K, 0% used [0x00000000d5580000,0x00000000d5580000,0x00000000d8280000)
  from space 10752K, 73% used [0x00000000d8280000,0x00000000d8a2b1b8,0x00000000d8d00000)
  to   space 10752K, 0% used [0x00000000d9d00000,0x00000000d9d00000,0x00000000da780000)
 ParOldGen       total 67072K, used 8999K [0x0000000080000000, 0x0000000084180000, 0x00000000d5580000)
  object space 67072K, 13% used [0x0000000080000000,0x00000000808c9e68,0x0000000084180000)
 Metaspace       used 30560K, capacity 31132K, committed 31360K, reserved 1077248K
  class space    used 4191K, capacity 4401K, committed 4480K, reserved 1048576K
}
Event: 14.286 GC heap before
{Heap before GC invocations=9 (full 1):
 PSYoungGen      total 56832K, used 53932K [0x00000000d5580000, 0x00000000da780000, 0x0000000100000000)
  eden space 46080K, 100% used [0x00000000d5580000,0x00000000d8280000,0x00000000d8280000)
  from space 10752K, 73% used [0x00000000d8280000,0x00000000d8a2b1b8,0x00000000d8d00000)
  to   space 10752K, 0% used [0x00000000d9d00000,0x00000000d9d00000,0x00000000da780000)
 ParOldGen       total 67072K, used 8999K [0x0000000080000000, 0x0000000084180000, 0x00000000d5580000)
  object space 67072K, 13% used [0x0000000080000000,0x00000000808c9e68,0x0000000084180000)
 Metaspace       used 30687K, capacity 31260K, committed 31360K, reserved 1077248K
  class space    used 4191K, capacity 4401K, committed 4480K, reserved 1048576K
Event: 14.294 GC heap after
Heap after GC invocations=9 (full 1):
 PSYoungGen      total 73216K, used 5292K [0x00000000d5580000, 0x00000000daa00000, 0x0000000100000000)
  eden space 62464K, 0% used [0x00000000d5580000,0x00000000d5580000,0x00000000d9280000)
  from space 10752K, 49% used [0x00000000d9d00000,0x00000000da22b040,0x00000000da780000)
  to   space 10752K, 0% used [0x00000000d9280000,0x00000000d9280000,0x00000000d9d00000)
 ParOldGen       total 67072K, used 9007K [0x0000000080000000, 0x0000000084180000, 0x00000000d5580000)
  object space 67072K, 13% used [0x0000000080000000,0x00000000808cbe68,0x0000000084180000)
 Metaspace       used 30687K, capacity 31260K, committed 31360K, reserved 1077248K
  class space    used 4191K, capacity 4401K, committed 4480K, reserved 1048576K
}

Deoptimization events (10 events):
Event: 14.537 Thread 0x000000001cdf1800 Uncommon trap: reason=unstable_if action=reinterpret pc=0x0000000005dbbe10 method=org.codehaus.groovy.ast.ClassNode.getInterfaces()[Lorg/codehaus/groovy/ast/ClassNode; @ 7
Event: 15.957 Thread 0x000000001cdf1800 Uncommon trap: reason=bimorphic action=maybe_recompile pc=0x0000000005991308 method=java.lang.ClassLoader.getPackage(Ljava/lang/String;)Ljava/lang/Package; @ 47
Event: 15.960 Thread 0x000000001cdf1800 Uncommon trap: reason=bimorphic action=maybe_recompile pc=0x0000000005991308 method=java.lang.ClassLoader.getPackage(Ljava/lang/String;)Ljava/lang/Package; @ 47
Event: 15.962 Thread 0x000000001cdf1800 Uncommon trap: reason=bimorphic action=maybe_recompile pc=0x0000000005991308 method=java.lang.ClassLoader.getPackage(Ljava/lang/String;)Ljava/lang/Package; @ 47
Event: 15.964 Thread 0x000000001cdf1800 Uncommon trap: reason=bimorphic action=maybe_recompile pc=0x0000000005991308 method=java.lang.ClassLoader.getPackage(Ljava/lang/String;)Ljava/lang/Package; @ 47
Event: 16.064 Thread 0x000000001cdf1800 Uncommon trap: reason=class_check action=maybe_recompile pc=0x0000000005a00268 method=java.lang.ref.ReferenceQueue.reallyPoll()Ljava/lang/ref/Reference; @ 52
Event: 16.064 Thread 0x000000001cdf1800 Uncommon trap: reason=class_check action=maybe_recompile pc=0x0000000005a00268 method=java.lang.ref.ReferenceQueue.reallyPoll()Ljava/lang/ref/Reference; @ 52
Event: 16.064 Thread 0x000000001cdf1800 Uncommon trap: reason=class_check action=maybe_recompile pc=0x0000000005a00268 method=java.lang.ref.ReferenceQueue.reallyPoll()Ljava/lang/ref/Reference; @ 52
Event: 16.064 Thread 0x000000001cdf1800 Uncommon trap: reason=class_check action=maybe_recompile pc=0x0000000005a00268 method=java.lang.ref.ReferenceQueue.reallyPoll()Ljava/lang/ref/Reference; @ 52
Event: 16.121 Thread 0x000000001cdf1800 Uncommon trap: reason=unstable_if action=reinterpret pc=0x00000000056d4cdc method=java.lang.ref.ReferenceQueue.poll()Ljava/lang/ref/Reference; @ 4

Classes redefined (0 events):
No events

Internal exceptions (10 events):
Event: 15.927 Thread 0x000000001cdf1800 Exception <a 'java/lang/ClassNotFoundException': build_4my18u3dwtoltkham9rqjkwffBeanInfo> (0x00000000d6397ae0) thrown at [C:\re\workspace\8-2-build-windows-amd64-cygwin\jdk8u161\10277\hotspot\src\share\vm\classfile\systemDictionary.cpp, line 210]
Event: 15.928 Thread 0x000000001cdf1800 Exception <a 'java/lang/ClassNotFoundException': build_4my18u3dwtoltkham9rqjkwffCustomizer> (0x00000000d63a64b8) thrown at [C:\re\workspace\8-2-build-windows-amd64-cygwin\jdk8u161\10277\hotspot\src\share\vm\classfile\systemDictionary.cpp, line 210]
Event: 15.938 Thread 0x000000001cdf1800 Exception <a 'java/lang/ClassNotFoundException': org/gradle/api/internal/plugins/DefaultObjectConfigurationActionBeanInfo> (0x00000000d6403808) thrown at [C:\re\workspace\8-2-build-windows-amd64-cygwin\jdk8u161\10277\hotspot\src\share\vm\classfile\systemD
Event: 15.939 Thread 0x000000001cdf1800 Exception <a 'java/lang/ClassNotFoundException': org/gradle/api/internal/plugins/DefaultObjectConfigurationActionCustomizer> (0x00000000d64337d8) thrown at [C:\re\workspace\8-2-build-windows-amd64-cygwin\jdk8u161\10277\hotspot\src\share\vm\classfile\syste
Event: 15.950 Thread 0x000000001cdf1800 Exception <a 'java/lang/ClassNotFoundException': org/gradle/api/plugins/ObjectConfigurationActionBeanInfo> (0x00000000d647d370) thrown at [C:\re\workspace\8-2-build-windows-amd64-cygwin\jdk8u161\10277\hotspot\src\share\vm\classfile\systemDictionary.cpp, l
Event: 15.951 Thread 0x000000001cdf1800 Exception <a 'java/lang/ClassNotFoundException': org/gradle/api/plugins/ObjectConfigurationActionCustomizer> (0x00000000d64a5de0) thrown at [C:\re\workspace\8-2-build-windows-amd64-cygwin\jdk8u161\10277\hotspot\src\share\vm\classfile\systemDictionary.cpp,
Event: 16.118 Thread 0x000000001cdf1800 Exception <a 'java/lang/ClassNotFoundException': org/gradle/api/internal/project/DefaultProject_DecoratedBeanInfo> (0x00000000d6b24670) thrown at [C:\re\workspace\8-2-build-windows-amd64-cygwin\jdk8u161\10277\hotspot\src\share\vm\classfile\systemDictionar
Event: 16.119 Thread 0x000000001cdf1800 Exception <a 'java/lang/ClassNotFoundException': org/gradle/api/internal/project/DefaultProjectBeanInfo> (0x00000000d6b4bf40) thrown at [C:\re\workspace\8-2-build-windows-amd64-cygwin\jdk8u161\10277\hotspot\src\share\vm\classfile\systemDictionary.cpp, lin
Event: 16.120 Thread 0x000000001cdf1800 Exception <a 'java/lang/ClassNotFoundException': org/gradle/api/internal/project/DefaultProjectCustomizer> (0x00000000d6b74b60) thrown at [C:\re\workspace\8-2-build-windows-amd64-cygwin\jdk8u161\10277\hotspot\src\share\vm\classfile\systemDictionary.cpp, l
Event: 16.137 Thread 0x000000001cdf1800 Exception <a 'java/lang/ClassNotFoundException': org/gradle/api/internal/project/DefaultProject_DecoratedCustomizer> (0x00000000d6c4a338) thrown at [C:\re\workspace\8-2-build-windows-amd64-cygwin\jdk8u161\10277\hotspot\src\share\vm\classfile\systemDiction

Events (10 events):
Event: 16.295 loading class com/google/gson/TypeAdapter$1
Event: 16.295 loading class com/google/gson/TypeAdapter$1 done
Event: 16.296 loading class com/google/gson/internal/bind/TypeAdapters$28
Event: 16.296 loading class com/google/gson/internal/bind/TypeAdapters$28 done
Event: 16.297 loading class com/google/gson/internal/bind/TypeAdapters$29
Event: 16.297 loading class com/google/gson/internal/bind/TypeAdapters$29 done
Event: 16.299 loading class com/google/gson/internal/LazilyParsedNumber
Event: 16.299 loading class com/google/gson/internal/LazilyParsedNumber done
Event: 16.301 loading class com/google/gson/internal/bind/TypeAdapters$31
Event: 16.301 loading class com/google/gson/internal/bind/TypeAdapters$31 done


Dynamic libraries:
0x00007ff6e0be0000 - 0x00007ff6e0c17000 	C:\Program Files\Java\jdk1.8.0_161\bin\java.exe
0x00007ffb774b0000 - 0x00007ffb77690000 	C:\WINDOWS\SYSTEM32\ntdll.dll
0x00007ffb76f20000 - 0x00007ffb76fce000 	C:\WINDOWS\System32\KERNEL32.DLL
0x00007ffb742e0000 - 0x00007ffb74546000 	C:\WINDOWS\System32\KERNELBASE.dll
0x00007ffb76ba0000 - 0x00007ffb76c41000 	C:\WINDOWS\System32\ADVAPI32.dll
0x00007ffb749e0000 - 0x00007ffb74a7d000 	C:\WINDOWS\System32\msvcrt.dll
0x00007ffb772a0000 - 0x00007ffb772fb000 	C:\WINDOWS\System32\sechost.dll
0x00007ffb76df0000 - 0x00007ffb76f0f000 	C:\WINDOWS\System32\RPCRT4.dll
0x00007ffb768d0000 - 0x00007ffb76a5f000 	C:\WINDOWS\System32\USER32.dll
0x00007ffb74960000 - 0x00007ffb74980000 	C:\WINDOWS\System32\win32u.dll
0x00007ffb76fd0000 - 0x00007ffb76ff8000 	C:\WINDOWS\System32\GDI32.dll
0x00007ffb745a0000 - 0x00007ffb74733000 	C:\WINDOWS\System32\gdi32full.dll
0x00007ffb74840000 - 0x00007ffb748db000 	C:\WINDOWS\System32\msvcp_win.dll
0x00007ffb74740000 - 0x00007ffb74836000 	C:\WINDOWS\System32\ucrtbase.dll
0x00007ffb62e50000 - 0x00007ffb630b9000 	C:\WINDOWS\WinSxS\amd64_microsoft.windows.common-controls_6595b64144ccf1df_6.0.16299.309_none_15cfd4c4935e6b11\COMCTL32.dll
0x00007ffb74ca0000 - 0x00007ffb74fa8000 	C:\WINDOWS\System32\combase.dll
0x00007ffb748e0000 - 0x00007ffb74952000 	C:\WINDOWS\System32\bcryptPrimitives.dll
0x00007ffb76ad0000 - 0x00007ffb76afd000 	C:\WINDOWS\System32\IMM32.DLL
0x0000000055730000 - 0x0000000055802000 	C:\Program Files\Java\jdk1.8.0_161\jre\bin\msvcr100.dll
0x0000000054e90000 - 0x000000005572f000 	C:\Program Files\Java\jdk1.8.0_161\jre\bin\server\jvm.dll
0x00007ffb75420000 - 0x00007ffb75428000 	C:\WINDOWS\System32\PSAPI.DLL
0x00007ffb659b0000 - 0x00007ffb659b9000 	C:\WINDOWS\SYSTEM32\WSOCK32.dll
0x00007ffb77410000 - 0x00007ffb7747c000 	C:\WINDOWS\System32\WS2_32.dll
0x00007ffb70590000 - 0x00007ffb705b3000 	C:\WINDOWS\SYSTEM32\WINMM.dll
0x00007ffb67f40000 - 0x00007ffb67f4a000 	C:\WINDOWS\SYSTEM32\VERSION.dll
0x00007ffb70520000 - 0x00007ffb7054a000 	C:\WINDOWS\SYSTEM32\WINMMBASE.dll
0x00007ffb74550000 - 0x00007ffb7459a000 	C:\WINDOWS\System32\cfgmgr32.dll
0x0000000054e80000 - 0x0000000054e8f000 	C:\Program Files\Java\jdk1.8.0_161\jre\bin\verify.dll
0x0000000054e50000 - 0x0000000054e79000 	C:\Program Files\Java\jdk1.8.0_161\jre\bin\java.dll
0x0000000054e30000 - 0x0000000054e46000 	C:\Program Files\Java\jdk1.8.0_161\jre\bin\zip.dll
0x00007ffb75490000 - 0x00007ffb768c6000 	C:\WINDOWS\System32\SHELL32.dll
0x00007ffb74a80000 - 0x00007ffb74b26000 	C:\WINDOWS\System32\shcore.dll
0x00007ffb738b0000 - 0x00007ffb73ff7000 	C:\WINDOWS\System32\windows.storage.dll
0x00007ffb74980000 - 0x00007ffb749d1000 	C:\WINDOWS\System32\shlwapi.dll
0x00007ffb73890000 - 0x00007ffb738a1000 	C:\WINDOWS\System32\kernel.appcore.dll
0x00007ffb73800000 - 0x00007ffb7384c000 	C:\WINDOWS\System32\powrprof.dll
0x00007ffb73870000 - 0x00007ffb7388b000 	C:\WINDOWS\System32\profapi.dll
0x0000000054e10000 - 0x0000000054e2a000 	C:\Program Files\Java\jdk1.8.0_161\jre\bin\net.dll
0x00007ffb73090000 - 0x00007ffb730f6000 	C:\WINDOWS\system32\mswsock.dll
0x0000000054df0000 - 0x0000000054e01000 	C:\Program Files\Java\jdk1.8.0_161\jre\bin\nio.dll
0x00007ffb70880000 - 0x00007ffb7089e000 	C:\Users\ricar\.gradle\native\23\windows-amd64\native-platform.dll
0x00007ffb73250000 - 0x00007ffb73267000 	C:\WINDOWS\SYSTEM32\CRYPTSP.dll
0x00007ffb72c90000 - 0x00007ffb72cc3000 	C:\WINDOWS\system32\rsaenh.dll
0x00007ffb73360000 - 0x00007ffb73385000 	C:\WINDOWS\SYSTEM32\bcrypt.dll
0x00007ffb73730000 - 0x00007ffb73759000 	C:\WINDOWS\SYSTEM32\USERENV.dll
0x00007ffb73270000 - 0x00007ffb7327b000 	C:\WINDOWS\SYSTEM32\CRYPTBASE.dll
0x00007ffb72e20000 - 0x00007ffb72e59000 	C:\WINDOWS\SYSTEM32\IPHLPAPI.DLL
0x00007ffb76f10000 - 0x00007ffb76f18000 	C:\WINDOWS\System32\NSI.dll
0x00007ffb6c970000 - 0x00007ffb6c986000 	C:\WINDOWS\SYSTEM32\dhcpcsvc6.DLL
0x00007ffb6c930000 - 0x00007ffb6c94a000 	C:\WINDOWS\SYSTEM32\dhcpcsvc.DLL
0x0000000054de0000 - 0x0000000054ded000 	C:\Program Files\Java\jdk1.8.0_161\jre\bin\management.dll

VM Arguments:
jvm_args: -Xmx2048m -Dfile.encoding=windows-1252 -Duser.country=BR -Duser.language=pt -Duser.variant 
java_command: org.gradle.launcher.daemon.bootstrap.GradleDaemon 3.3
java_class_path (initial): C:\Users\ricar\.gradle\wrapper\dists\gradle-3.3-all\55gk2rcmfc6p2dg9u9ohc3hw9\gradle-3.3\lib\gradle-launcher-3.3.jar
Launcher Type: SUN_STANDARD

Environment Variables:
JAVA_HOME=C:\Program Files\Java\jdk1.8.0_161
CLASSPATH=C:\Users\ricar\Documents\softplan\innovaCity\mobile\new\innovacity\platforms\android\\gradle\wrapper\gradle-wrapper.jar
PATH=C:\Program Files (x86)\Common Files\Intel\Shared Libraries\redist\intel64\compiler;C:\ProgramData\Oracle\Java\javapath;C:\WINDOWS\system32;C:\WINDOWS;C:\WINDOWS\System32\Wbem;C:\WINDOWS\System32\WindowsPowerShell\v1.0\;C:\Program Files\nodejs\;C:\Program Files\Git\cmd;C:\Program Files\Java\jdk1.8.0_161\bin;C:\Program Files (x86)\Android\android-sdk\tools;C:\Program Files (x86)\Android\android-sdk\platform-tools;C:\Program Files (x86)\Android\android-sdk\tools\bin;C:\Gradle\gradle-4.1\bin;C:\Program Files\MongoDB\Server\3.6\bin;C:\Program Files\PostgreSQL\9.6\bin;C:\Program Files (x86)\MySQL\MySQL Utilities 1.6\;C:\Users\ricar\scoop\shims;C:\Users\ricar\AppData\Local\Microsoft\WindowsApps;C:\Users\ricar\AppData\Roaming\npm;C:\Program Files\Heroku\bin
USERNAME=ricar
OS=Windows_NT
PROCESSOR_IDENTIFIER=Intel64 Family 6 Model 69 Stepping 1, GenuineIntel



---------------  S Y S T E M  ---------------

OS: Windows 10.0 , 64 bit Build 16299 (10.0.16299.15)

CPU:total 4 (initial active 4) (2 cores per cpu, 2 threads per core) family 6 model 69 stepping 1, cmov, cx8, fxsr, mmx, sse, sse2, sse3, ssse3, sse4.1, sse4.2, popcnt, avx, avx2, aes, clmul, erms, lzcnt, ht, tsc, tscinvbit, bmi1, bmi2

Memory: 4k page, physical 8290124k(750128k free), swap 10387276k(4648k free)

vm_info: Java HotSpot(TM) 64-Bit Server VM (25.161-b12) for windows-amd64 JRE (1.8.0_161-b12), built on Dec 19 2017 17:52:25 by "java_re" with MS VC++ 10.0 (VS2010)

time: Fri Apr 06 15:43:35 2018
elapsed time: 16 seconds (0d 0h 0m 16s)

